\BOOKMARK [0][-]{dummy.1}{\376\377\000D\000e\000c\000l\000a\000r\000a\000t\000i\000o\000n\000\040\000b\000y\000\040\000t\000h\000e\000\040\000S\000t\000u\000d\000e\000n\000t\000s}{}% 1
\BOOKMARK [0][-]{dummy.2}{\376\377\000D\000e\000c\000l\000a\000r\000a\000t\000i\000o\000n\000\040\000b\000y\000\040\000t\000h\000e\000\040\000S\000u\000p\000e\000r\000v\000i\000s\000o\000r}{}% 2
\BOOKMARK [0][-]{dummy.3}{\376\377\000A\000c\000k\000n\000o\000w\000l\000e\000d\000g\000e\000m\000e\000n\000t}{}% 3
\BOOKMARK [0][-]{dummy.4}{\376\377\000D\000e\000d\000i\000c\000a\000t\000i\000o\000n}{}% 4
\BOOKMARK [0][-]{dummy.5}{\376\377\000T\000a\000b\000l\000e\000\040\000o\000f\000\040\000C\000o\000n\000t\000e\000n\000t\000s}{}% 5
\BOOKMARK [0][-]{dummy.7}{\376\377\000L\000i\000s\000t\000\040\000o\000f\000\040\000F\000i\000g\000u\000r\000e\000s}{}% 6
\BOOKMARK [0][-]{dummy.9}{\376\377\000L\000i\000s\000t\000\040\000o\000f\000\040\000T\000a\000b\000l\000e\000s}{}% 7
\BOOKMARK [0][-]{dummy.11}{\376\377\000A\000b\000b\000r\000e\000v\000i\000a\000t\000i\000o\000n\000s}{}% 8
\BOOKMARK [0][-]{dummy.13}{\376\377\000S\000y\000m\000b\000o\000l\000s}{}% 9
\BOOKMARK [0][-]{dummy.15}{\376\377\000A\000b\000s\000t\000r\000a\000c\000t}{}% 10
\BOOKMARK [0][-]{chapter.16}{\376\377\0001\000\040\000I\000n\000t\000r\000o\000d\000u\000c\000t\000i\000o\000n}{}% 11
\BOOKMARK [1][-]{section.17}{\376\377\0001\000.\0001\000\040\000I\000n\000t\000r\000o\000d\000u\000c\000t\000i\000o\000n}{chapter.16}% 12
\BOOKMARK [1][-]{section.18}{\376\377\0001\000.\0002\000\040\000B\000a\000c\000k\000g\000r\000o\000u\000n\000d\000\040\000o\000f\000\040\000t\000h\000e\000\040\000S\000t\000u\000d\000y}{chapter.16}% 13
\BOOKMARK [1][-]{section.19}{\376\377\0001\000.\0003\000\040\000S\000t\000a\000t\000e\000m\000e\000n\000t\000\040\000o\000f\000\040\000t\000h\000e\000\040\000P\000r\000o\000b\000l\000e\000m}{chapter.16}% 14
\BOOKMARK [1][-]{section.20}{\376\377\0001\000.\0004\000\040\000J\000u\000s\000t\000i\000f\000i\000c\000a\000t\000i\000o\000n\000\040\000o\000f\000\040\000t\000h\000e\000\040\000s\000t\000u\000d\000y}{chapter.16}% 15
\BOOKMARK [1][-]{section.21}{\376\377\0001\000.\0005\000\040\000O\000b\000j\000e\000c\000t\000i\000v\000e\000s\000\040\000o\000f\000\040\000t\000h\000e\000\040\000S\000t\000u\000d\000y}{chapter.16}% 16
\BOOKMARK [2][-]{subsection.22}{\376\377\0001\000.\0005\000.\0001\000\040\000G\000e\000n\000e\000r\000a\000l\000\040\000o\000b\000j\000e\000c\000t\000i\000v\000e}{section.21}% 17
\BOOKMARK [2][-]{subsection.23}{\376\377\0001\000.\0005\000.\0002\000\040\000S\000p\000e\000c\000i\000f\000i\000c\000\040\000o\000b\000j\000e\000c\000t\000i\000v\000e\000s}{section.21}% 18
\BOOKMARK [1][-]{section.28}{\376\377\0001\000.\0006\000\040\000S\000i\000g\000n\000i\000f\000i\000c\000a\000n\000c\000e\000\040\000o\000f\000\040\000t\000h\000e\000\040\000S\000t\000u\000d\000y}{chapter.16}% 19
\BOOKMARK [0][-]{chapter.29}{\376\377\0002\000\040\000L\000i\000t\000e\000r\000a\000t\000u\000r\000e\000\040\000R\000e\000v\000i\000e\000w}{}% 20
\BOOKMARK [1][-]{section.30}{\376\377\0002\000.\0001\000\040\000I\000n\000t\000r\000o\000d\000u\000c\000t\000i\000o\000n}{chapter.29}% 21
\BOOKMARK [1][-]{section.31}{\376\377\0002\000.\0002\000\040\000E\000m\000p\000i\000r\000i\000c\000a\000l\000\040\000R\000e\000v\000i\000e\000w}{chapter.29}% 22
\BOOKMARK [0][-]{chapter.32}{\376\377\0003\000\040\000M\000e\000t\000h\000o\000d\000o\000l\000o\000g\000y}{}% 23
\BOOKMARK [1][-]{section.33}{\376\377\0003\000.\0001\000\040\000I\000n\000t\000r\000o\000d\000u\000c\000t\000i\000o\000n}{chapter.32}% 24
\BOOKMARK [1][-]{section.34}{\376\377\0003\000.\0002\000\040\000G\000e\000n\000e\000r\000a\000l\000i\000z\000e\000d\000\040\000L\000i\000n\000e\000a\000r\000\040\000m\000o\000d\000e\000l\000s}{chapter.32}% 25
\BOOKMARK [2][-]{subsection.37}{\376\377\0003\000.\0002\000.\0001\000\040\000A\000\040\000r\000a\000n\000d\000o\000m\000\040\000c\000o\000m\000p\000o\000n\000e\000n\000t}{section.34}% 26
\BOOKMARK [2][-]{subsection.66}{\376\377\0003\000.\0002\000.\0002\000\040\000T\000h\000e\000\040\000l\000i\000n\000e\000a\000r\000\040\000p\000r\000e\000d\000i\000c\000t\000o\000r}{section.34}% 27
\BOOKMARK [2][-]{subsection.68}{\376\377\0003\000.\0002\000.\0003\000\040\000L\000i\000n\000k\000\040\000f\000u\000n\000c\000t\000i\000o\000n}{section.34}% 28
\BOOKMARK [1][-]{section.72}{\376\377\0003\000.\0003\000\040\000P\000a\000r\000a\000m\000e\000t\000e\000r\000\040\000E\000s\000t\000i\000m\000a\000t\000i\000o\000n\000\040\000o\000f\000\040\000t\000h\000e\000\040\000f\000i\000t\000t\000e\000d\000\040\000G\000L\000M\000\040\000m\000o\000d\000e\000l}{chapter.32}% 29
\BOOKMARK [1][-]{section.76}{\376\377\0003\000.\0004\000\040\000M\000o\000d\000e\000l\000\040\000s\000e\000l\000e\000c\000t\000i\000o\000n}{chapter.32}% 30
\BOOKMARK [2][-]{subsection.77}{\376\377\0003\000.\0004\000.\0001\000\040\000A\000k\000a\000i\000k\000e\000\040\000i\000n\000f\000o\000r\000m\000a\000t\000i\000o\000n\000\040\000c\000r\000i\000t\000e\000r\000i\000o\000n\000\040\000\050\000A\000I\000C\000\051}{section.76}% 31
\BOOKMARK [1][-]{section.79}{\376\377\0003\000.\0005\000\040\000A\000s\000s\000e\000s\000s\000i\000n\000g\000\040\000t\000h\000e\000\040\000f\000i\000t\000\040\000o\000f\000\040\000t\000h\000e\000\040\000m\000o\000d\000e\000l}{chapter.32}% 32
\BOOKMARK [2][-]{subsection.80}{\376\377\0003\000.\0005\000.\0001\000\040\000C\000h\000i\000-\000s\000q\000u\000a\000r\000e\000\040\000g\000o\000o\000d\000n\000e\000s\000s\000\040\000o\000f\000\040\000f\000i\000t\000\040\000t\000e\000s\000t}{section.79}% 33
\BOOKMARK [1][-]{section.83}{\376\377\0003\000.\0006\000\040\000P\000r\000e\000d\000i\000c\000t\000i\000o\000n\000\040\000u\000s\000i\000n\000g\000\040\000t\000h\000e\000\040\000f\000i\000t\000t\000e\000d\000\040\000m\000o\000d\000e\000l}{chapter.32}% 34
\BOOKMARK [1][-]{section.85}{\376\377\0003\000.\0007\000\040\000C\000h\000e\000c\000k\000i\000n\000g\000\040\000t\000h\000e\000\040\000A\000c\000c\000u\000r\000a\000c\000y\000\040\000o\000f\000\040\000p\000r\000e\000d\000i\000c\000t\000e\000d\000\040\000s\000a\000l\000e\000s}{chapter.32}% 35
\BOOKMARK [0][-]{chapter.87}{\376\377\0004\000\040\000R\000e\000s\000u\000l\000t\000s\000\040\000a\000n\000d\000\040\000D\000i\000s\000c\000u\000s\000s\000i\000o\000n\000s}{}% 36
\BOOKMARK [1][-]{section.88}{\376\377\0004\000.\0001\000\040\000I\000n\000t\000r\000o\000d\000u\000c\000t\000i\000o\000n}{chapter.87}% 37
\BOOKMARK [1][-]{section.89}{\376\377\0004\000.\0002\000\040\000D\000a\000t\000a\000\040\000s\000o\000u\000r\000c\000e\000\040\000a\000n\000d\000\040\000d\000e\000s\000c\000r\000i\000p\000t\000i\000o\000n}{chapter.87}% 38
\BOOKMARK [1][-]{section.92}{\376\377\0004\000.\0003\000\040\000T\000h\000e\000\040\000e\000s\000t\000i\000m\000a\000t\000e\000s\000\040\000o\000f\000\040\000t\000h\000e\000\040\000f\000i\000t\000t\000e\000d\000\040\000G\000L\000M\000\040\000m\000o\000d\000e\000l\000s}{chapter.87}% 39
\BOOKMARK [1][-]{section.96}{\376\377\0004\000.\0004\000\040\000M\000o\000d\000e\000l\000\040\000s\000e\000l\000e\000c\000t\000i\000o\000n}{chapter.87}% 40
\BOOKMARK [1][-]{section.98}{\376\377\0004\000.\0005\000\040\000A\000d\000e\000q\000u\000a\000c\000y\000\040\000o\000f\000\040\000t\000h\000e\000\040\000m\000o\000d\000e\000l}{chapter.87}% 41
\BOOKMARK [1][-]{section.99}{\376\377\0004\000.\0006\000\040\000P\000r\000e\000d\000i\000c\000t\000i\000o\000n\000\040\000u\000s\000i\000n\000g\000\040\000t\000h\000e\000\040\000f\000i\000t\000t\000e\000d\000\040\000m\000o\000d\000e\000l}{chapter.87}% 42
\BOOKMARK [1][-]{section.103}{\376\377\0004\000.\0007\000\040\000T\000h\000e\000\040\000a\000c\000c\000u\000r\000a\000c\000y\000\040\000o\000f\000\040\000t\000h\000e\000\040\000s\000a\000l\000e\000s\000\040\000f\000o\000r\000e\000c\000a\000s\000t}{chapter.87}% 43
\BOOKMARK [0][-]{chapter.104}{\376\377\0005\000\040\000S\000u\000m\000m\000a\000r\000y\000\040\000a\000n\000d\000\040\000C\000o\000n\000c\000l\000u\000s\000i\000o\000n}{}% 44
\BOOKMARK [1][-]{section.105}{\376\377\0005\000.\0001\000\040\000I\000n\000t\000r\000o\000d\000u\000c\000t\000i\000o\000n}{chapter.104}% 45
\BOOKMARK [1][-]{section.106}{\376\377\0005\000.\0002\000\040\000S\000u\000m\000m\000a\000r\000y}{chapter.104}% 46
\BOOKMARK [1][-]{section.107}{\376\377\0005\000.\0003\000\040\000C\000o\000n\000c\000l\000u\000s\000i\000o\000n}{chapter.104}% 47
\BOOKMARK [1][-]{section.108}{\376\377\0005\000.\0004\000\040\000R\000e\000c\000o\000m\000m\000e\000n\000d\000a\000t\000i\000o\000n\000s\000\040\000f\000o\000r\000\040\000F\000u\000r\000t\000h\000e\000r\000\040\000R\000e\000s\000e\000a\000r\000c\000h}{chapter.104}% 48
\BOOKMARK [0][-]{dummy.109}{\376\377\000R\000e\000f\000e\000r\000e\000n\000c\000e\000s}{}% 49
\BOOKMARK [0][-]{appendix.111}{\376\377\000A\000\040\000A\000p\000p\000e\000n\000d\000i\000x}{}% 50
\BOOKMARK [1][-]{section.112}{\376\377\000A\000.\0001\000\040\000R\000\040\000C\000o\000d\000e\000s}{appendix.111}% 51
