\BOOKMARK [0][-]{dummy.1}{\376\377\000D\000e\000c\000l\000a\000r\000a\000t\000i\000o\000n\000\040\000b\000y\000\040\000t\000h\000e\000\040\000S\000t\000u\000d\000e\000n\000t\000s}{}% 1
\BOOKMARK [0][-]{dummy.2}{\376\377\000D\000e\000c\000l\000a\000r\000a\000t\000i\000o\000n\000\040\000b\000y\000\040\000t\000h\000e\000\040\000S\000u\000p\000e\000r\000v\000i\000s\000o\000r}{}% 2
\BOOKMARK [0][-]{dummy.3}{\376\377\000D\000e\000d\000i\000c\000a\000t\000i\000o\000n}{}% 3
\BOOKMARK [0][-]{dummy.4}{\376\377\000T\000a\000b\000l\000e\000\040\000o\000f\000\040\000C\000o\000n\000t\000e\000n\000t\000s}{}% 4
\BOOKMARK [0][-]{dummy.6}{\376\377\000L\000i\000s\000t\000\040\000o\000f\000\040\000F\000i\000g\000u\000r\000e\000s}{}% 5
\BOOKMARK [0][-]{dummy.8}{\376\377\000L\000i\000s\000t\000\040\000o\000f\000\040\000T\000a\000b\000l\000e\000s}{}% 6
\BOOKMARK [0][-]{dummy.10}{\376\377\000A\000b\000b\000r\000e\000v\000i\000a\000t\000i\000o\000n\000s}{}% 7
\BOOKMARK [0][-]{dummy.13}{\376\377\000S\000y\000m\000b\000o\000l\000s}{}% 8
\BOOKMARK [0][-]{dummy.16}{\376\377\000A\000b\000s\000t\000r\000a\000c\000t}{}% 9
\BOOKMARK [0][-]{chapter.17}{\376\377\0001\000\040\000I\000n\000t\000r\000o\000d\000u\000c\000t\000i\000o\000n}{}% 10
\BOOKMARK [1][-]{section.18}{\376\377\0001\000.\0001\000\040\000I\000n\000t\000r\000o\000d\000u\000c\000t\000i\000o\000n}{chapter.17}% 11
\BOOKMARK [1][-]{section.19}{\376\377\0001\000.\0002\000\040\000B\000a\000c\000k\000g\000r\000o\000u\000n\000d\000\040\000o\000f\000\040\000t\000h\000e\000\040\000S\000t\000u\000d\000y}{chapter.17}% 12
\BOOKMARK [1][-]{section.20}{\376\377\0001\000.\0003\000\040\000S\000t\000a\000t\000e\000m\000e\000n\000t\000\040\000o\000f\000\040\000t\000h\000e\000\040\000P\000r\000o\000b\000l\000e\000m}{chapter.17}% 13
\BOOKMARK [1][-]{section.21}{\376\377\0001\000.\0004\000\040\000J\000u\000s\000t\000i\000f\000i\000c\000a\000t\000i\000o\000n\000\040\000o\000f\000\040\000t\000h\000e\000\040\000S\000t\000u\000d\000y}{chapter.17}% 14
\BOOKMARK [1][-]{section.22}{\376\377\0001\000.\0005\000\040\000O\000b\000j\000e\000c\000t\000i\000v\000e\000s\000\040\000o\000f\000\040\000t\000h\000e\000\040\000S\000t\000u\000d\000y}{chapter.17}% 15
\BOOKMARK [2][-]{subsection.23}{\376\377\0001\000.\0005\000.\0001\000\040\000G\000e\000n\000e\000r\000a\000l\000\040\000o\000b\000j\000e\000c\000t\000i\000v\000e}{section.22}% 16
\BOOKMARK [2][-]{subsection.24}{\376\377\0001\000.\0005\000.\0002\000\040\000S\000p\000e\000c\000i\000f\000i\000c\000\040\000o\000b\000j\000e\000c\000t\000i\000v\000e\000s}{section.22}% 17
\BOOKMARK [1][-]{section.29}{\376\377\0001\000.\0006\000\040\000S\000i\000g\000n\000i\000f\000i\000c\000a\000n\000c\000e\000\040\000o\000f\000\040\000t\000h\000e\000\040\000S\000t\000u\000d\000y}{chapter.17}% 18
\BOOKMARK [0][-]{chapter.30}{\376\377\0002\000\040\000L\000i\000t\000e\000r\000a\000t\000u\000r\000e\000\040\000R\000e\000v\000i\000e\000w}{}% 19
\BOOKMARK [1][-]{section.31}{\376\377\0002\000.\0001\000\040\000I\000n\000t\000r\000o\000d\000u\000c\000t\000i\000o\000n}{chapter.30}% 20
\BOOKMARK [0][-]{chapter.32}{\376\377\0003\000\040\000M\000e\000t\000h\000o\000d\000o\000l\000o\000g\000y}{}% 21
\BOOKMARK [1][-]{section.33}{\376\377\0003\000.\0001\000\040\000I\000n\000t\000r\000o\000d\000u\000c\000t\000i\000o\000n}{chapter.32}% 22
\BOOKMARK [0][-]{chapter.39}{\376\377\0004\000\040\000R\000e\000s\000u\000l\000t\000s\000\040\000a\000n\000d\000\040\000D\000i\000s\000c\000u\000s\000s\000i\000o\000n\000s}{}% 23
\BOOKMARK [1][-]{section.40}{\376\377\0004\000.\0001\000\040\000I\000n\000t\000r\000o\000d\000u\000c\000t\000i\000o\000n}{chapter.39}% 24
\BOOKMARK [1][-]{section.41}{\376\377\0004\000.\0002\000\040\000C\000o\000n\000c\000l\000u\000s\000i\000o\000n}{chapter.39}% 25
\BOOKMARK [0][-]{chapter.42}{\376\377\0005\000\040\000C\000o\000n\000c\000l\000u\000s\000i\000o\000n}{}% 26
\BOOKMARK [1][-]{section.43}{\376\377\0005\000.\0001\000\040\000I\000n\000t\000r\000o\000d\000u\000c\000t\000i\000o\000n}{chapter.42}% 27
\BOOKMARK [1][-]{section.44}{\376\377\0005\000.\0002\000\040\000R\000e\000c\000o\000m\000m\000e\000n\000d\000a\000t\000i\000o\000n\000s\000\040\000f\000o\000r\000\040\000F\000u\000r\000t\000h\000e\000r\000\040\000R\000e\000s\000e\000a\000r\000c\000h}{chapter.42}% 28
\BOOKMARK [0][-]{dummy.45}{\376\377\000R\000e\000f\000e\000r\000e\000n\000c\000e\000s}{}% 29
\BOOKMARK [0][-]{appendix.47}{\376\377\000A\000\040\000A\000p\000p\000e\000n\000d\000i\000x}{}% 30
\BOOKMARK [1][-]{section.48}{\376\377\000A\000.\0001\000\040\000P\000r\000o\000p\000o\000s\000e\000d\000\040\000B\000u\000d\000g\000e\000t}{appendix.47}% 31
\BOOKMARK [1][-]{section.49}{\376\377\000A\000.\0002\000\040\000P\000r\000o\000j\000e\000c\000t\000\040\000W\000o\000r\000k\000\040\000P\000l\000a\000n}{appendix.47}% 32
